INFO - 2021-12-17 01:17:15,427 - Trying to load test file:{'test_data_file': 'app/static/data/nation_2021-10-28.csv', 'location_local': 'Exeter', 'locationType_local': 'ltla', 'location_national': 'England', 'locationType_national': 'nation', 'custom_covid_terms': 'Covid COVID-19 coronavirus', 'news_api_key': 'fa911b96da8e420896662203b484274c'}
INFO - 2021-12-17 01:17:15,429 - Starting up scheduler
INFO - 2021-12-17 01:17:15,430 - Starting up testing module
INFO - 2021-12-17 01:17:15,440 -  * Running on http://127.0.0.1:5000/ (Press CTRL+C to quit)
INFO - 2021-12-17 01:17:18,196 - 127.0.0.1 - - [17/Dec/2021 01:17:18] "[33mGET / HTTP/1.1[0m" 404 -
INFO - 2021-12-17 01:17:43,165 - Checking for cached data
INFO - 2021-12-17 01:17:43,166 - Requesting live data
DEBUG - 2021-12-17 01:17:43,173 - Starting new HTTPS connection (1): api.coronavirus.data.gov.uk:443
DEBUG - 2021-12-17 01:17:43,317 - https://api.coronavirus.data.gov.uk:443 "GET /v1/data?filters=areaName%3DExeter%3BareaType%3Dltla&structure=%7B%22date%22%3A%22date%22%2C%22areaName%22%3A%22areaName%22%2C%22areaCode%22%3A%22areaCode%22%2C%22hospitalCases%22%3A%22hospitalCases%22%2C%22cumDailyNsoDeathsByDeathDate%22%3A%22cumDailyNsoDeathsByDeathDate%22%2C%22newCasesByPublishDate%22%3A%22newCasesByPublishDate%22%2C%22cumCasesByPublishDate%22%3A%22cumCasesByPublishDate%22%2C%22newDeaths28DaysByDeathDate%22%3A%22newDeaths28DaysByDeathDate%22%2C%22cumDeaths28DaysByDeathDate%22%3A%22cumDeaths28DaysByDeathDate%22%7D&format=json&page=1 HTTP/1.1" 200 None
DEBUG - 2021-12-17 01:17:43,332 - Starting new HTTPS connection (1): api.coronavirus.data.gov.uk:443
DEBUG - 2021-12-17 01:17:43,445 - https://api.coronavirus.data.gov.uk:443 "GET /v1/data?filters=areaName%3DExeter%3BareaType%3Dltla&structure=%7B%22date%22%3A%22date%22%2C%22areaName%22%3A%22areaName%22%2C%22areaCode%22%3A%22areaCode%22%2C%22hospitalCases%22%3A%22hospitalCases%22%2C%22cumDailyNsoDeathsByDeathDate%22%3A%22cumDailyNsoDeathsByDeathDate%22%2C%22newCasesByPublishDate%22%3A%22newCasesByPublishDate%22%2C%22cumCasesByPublishDate%22%3A%22cumCasesByPublishDate%22%2C%22newDeaths28DaysByDeathDate%22%3A%22newDeaths28DaysByDeathDate%22%2C%22cumDeaths28DaysByDeathDate%22%3A%22cumDeaths28DaysByDeathDate%22%7D&format=json&page=2 HTTP/1.1" 204 0
INFO - 2021-12-17 01:17:43,468 - Managed to process local data
INFO - 2021-12-17 01:17:43,470 - Checking for cached data
INFO - 2021-12-17 01:17:43,471 - Requesting live data
DEBUG - 2021-12-17 01:17:43,483 - Starting new HTTPS connection (1): api.coronavirus.data.gov.uk:443
DEBUG - 2021-12-17 01:17:43,572 - https://api.coronavirus.data.gov.uk:443 "GET /v1/data?filters=areaName%3DEngland%3BareaType%3Dnation&structure=%7B%22date%22%3A%22date%22%2C%22areaName%22%3A%22areaName%22%2C%22areaCode%22%3A%22areaCode%22%2C%22hospitalCases%22%3A%22hospitalCases%22%2C%22cumDailyNsoDeathsByDeathDate%22%3A%22cumDailyNsoDeathsByDeathDate%22%2C%22newCasesByPublishDate%22%3A%22newCasesByPublishDate%22%2C%22cumCasesByPublishDate%22%3A%22cumCasesByPublishDate%22%2C%22newDeaths28DaysByDeathDate%22%3A%22newDeaths28DaysByDeathDate%22%2C%22cumDeaths28DaysByDeathDate%22%3A%22cumDeaths28DaysByDeathDate%22%7D&format=json&page=1 HTTP/1.1" 200 None
DEBUG - 2021-12-17 01:17:43,587 - Starting new HTTPS connection (1): api.coronavirus.data.gov.uk:443
DEBUG - 2021-12-17 01:17:43,688 - https://api.coronavirus.data.gov.uk:443 "GET /v1/data?filters=areaName%3DEngland%3BareaType%3Dnation&structure=%7B%22date%22%3A%22date%22%2C%22areaName%22%3A%22areaName%22%2C%22areaCode%22%3A%22areaCode%22%2C%22hospitalCases%22%3A%22hospitalCases%22%2C%22cumDailyNsoDeathsByDeathDate%22%3A%22cumDailyNsoDeathsByDeathDate%22%2C%22newCasesByPublishDate%22%3A%22newCasesByPublishDate%22%2C%22cumCasesByPublishDate%22%3A%22cumCasesByPublishDate%22%2C%22newDeaths28DaysByDeathDate%22%3A%22newDeaths28DaysByDeathDate%22%2C%22cumDeaths28DaysByDeathDate%22%3A%22cumDeaths28DaysByDeathDate%22%7D&format=json&page=2 HTTP/1.1" 204 0
INFO - 2021-12-17 01:17:43,707 - Managed to process national data
INFO - 2021-12-17 01:17:43,740 - 127.0.0.1 - - [17/Dec/2021 01:17:43] "GET /index HTTP/1.1" 200 -
INFO - 2021-12-17 01:17:43,990 - 127.0.0.1 - - [17/Dec/2021 01:17:43] "[36mGET /static/images/titleimage.png HTTP/1.1[0m" 304 -
INFO - 2021-12-17 01:17:44,011 - 127.0.0.1 - - [17/Dec/2021 01:17:44] "[36mGET /static/images/favicon.png HTTP/1.1[0m" 304 -
INFO - 2021-12-17 01:17:54,989 - Checking for cached data
INFO - 2021-12-17 01:17:54,990 - found cached data
INFO - 2021-12-17 01:17:54,991 - Managed to process local data
INFO - 2021-12-17 01:17:54,992 - Checking for cached data
INFO - 2021-12-17 01:17:54,994 - found cached data
INFO - 2021-12-17 01:17:54,995 - Managed to process national data
INFO - 2021-12-17 01:17:55,000 - Scheduling a covid_update run in:5.0
INFO - 2021-12-17 01:17:55,003 - 127.0.0.1 - - [17/Dec/2021 01:17:55] "GET /index?update=01%3A18&two=covid+data&repeat=repeat&covid-data=covid-data HTTP/1.1" 200 -
INFO - 2021-12-17 01:17:55,064 - 127.0.0.1 - - [17/Dec/2021 01:17:55] "[36mGET /static/images/titleimage.png HTTP/1.1[0m" 304 -
INFO - 2021-12-17 01:18:02,980 - Scheduled run
INFO - 2021-12-17 01:18:02,981 - Checking for cached data
INFO - 2021-12-17 01:18:02,987 - Requesting live data
DEBUG - 2021-12-17 01:18:03,001 - Starting new HTTPS connection (1): api.coronavirus.data.gov.uk:443
DEBUG - 2021-12-17 01:18:03,480 - https://api.coronavirus.data.gov.uk:443 "GET /v1/data?filters=areaName%3DExeter%3BareaType%3Dltla&structure=%7B%22date%22%3A%22date%22%2C%22areaName%22%3A%22areaName%22%2C%22areaCode%22%3A%22areaCode%22%2C%22hospitalCases%22%3A%22hospitalCases%22%2C%22cumDailyNsoDeathsByDeathDate%22%3A%22cumDailyNsoDeathsByDeathDate%22%2C%22newCasesByPublishDate%22%3A%22newCasesByPublishDate%22%2C%22cumCasesByPublishDate%22%3A%22cumCasesByPublishDate%22%2C%22newDeaths28DaysByDeathDate%22%3A%22newDeaths28DaysByDeathDate%22%2C%22cumDeaths28DaysByDeathDate%22%3A%22cumDeaths28DaysByDeathDate%22%7D&format=json&page=1 HTTP/1.1" 200 None
DEBUG - 2021-12-17 01:18:03,497 - Starting new HTTPS connection (1): api.coronavirus.data.gov.uk:443
DEBUG - 2021-12-17 01:18:03,726 - https://api.coronavirus.data.gov.uk:443 "GET /v1/data?filters=areaName%3DExeter%3BareaType%3Dltla&structure=%7B%22date%22%3A%22date%22%2C%22areaName%22%3A%22areaName%22%2C%22areaCode%22%3A%22areaCode%22%2C%22hospitalCases%22%3A%22hospitalCases%22%2C%22cumDailyNsoDeathsByDeathDate%22%3A%22cumDailyNsoDeathsByDeathDate%22%2C%22newCasesByPublishDate%22%3A%22newCasesByPublishDate%22%2C%22cumCasesByPublishDate%22%3A%22cumCasesByPublishDate%22%2C%22newDeaths28DaysByDeathDate%22%3A%22newDeaths28DaysByDeathDate%22%2C%22cumDeaths28DaysByDeathDate%22%3A%22cumDeaths28DaysByDeathDate%22%7D&format=json&page=2 HTTP/1.1" 204 0
INFO - 2021-12-17 01:18:03,743 - Managed to process local data
INFO - 2021-12-17 01:18:03,746 - Checking for cached data
INFO - 2021-12-17 01:18:03,747 - Requesting live data
DEBUG - 2021-12-17 01:18:03,760 - Starting new HTTPS connection (1): api.coronavirus.data.gov.uk:443
DEBUG - 2021-12-17 01:18:04,201 - https://api.coronavirus.data.gov.uk:443 "GET /v1/data?filters=areaName%3DEngland%3BareaType%3Dnation&structure=%7B%22date%22%3A%22date%22%2C%22areaName%22%3A%22areaName%22%2C%22areaCode%22%3A%22areaCode%22%2C%22hospitalCases%22%3A%22hospitalCases%22%2C%22cumDailyNsoDeathsByDeathDate%22%3A%22cumDailyNsoDeathsByDeathDate%22%2C%22newCasesByPublishDate%22%3A%22newCasesByPublishDate%22%2C%22cumCasesByPublishDate%22%3A%22cumCasesByPublishDate%22%2C%22newDeaths28DaysByDeathDate%22%3A%22newDeaths28DaysByDeathDate%22%2C%22cumDeaths28DaysByDeathDate%22%3A%22cumDeaths28DaysByDeathDate%22%7D&format=json&page=1 HTTP/1.1" 200 None
DEBUG - 2021-12-17 01:18:04,218 - Starting new HTTPS connection (1): api.coronavirus.data.gov.uk:443
DEBUG - 2021-12-17 01:18:04,503 - https://api.coronavirus.data.gov.uk:443 "GET /v1/data?filters=areaName%3DEngland%3BareaType%3Dnation&structure=%7B%22date%22%3A%22date%22%2C%22areaName%22%3A%22areaName%22%2C%22areaCode%22%3A%22areaCode%22%2C%22hospitalCases%22%3A%22hospitalCases%22%2C%22cumDailyNsoDeathsByDeathDate%22%3A%22cumDailyNsoDeathsByDeathDate%22%2C%22newCasesByPublishDate%22%3A%22newCasesByPublishDate%22%2C%22cumCasesByPublishDate%22%3A%22cumCasesByPublishDate%22%2C%22newDeaths28DaysByDeathDate%22%3A%22newDeaths28DaysByDeathDate%22%2C%22cumDeaths28DaysByDeathDate%22%3A%22cumDeaths28DaysByDeathDate%22%7D&format=json&page=2 HTTP/1.1" 204 0
INFO - 2021-12-17 01:18:04,518 - Managed to process national data
INFO - 2021-12-17 01:18:04,519 - Scheduling a covid_update run in:86396.0
INFO - 2021-12-17 01:18:04,520 - Checking for cached data
INFO - 2021-12-17 01:18:04,521 - found cached data
INFO - 2021-12-17 01:18:04,523 - Managed to process local data
INFO - 2021-12-17 01:18:04,524 - Checking for cached data
INFO - 2021-12-17 01:18:04,527 - found cached data
INFO - 2021-12-17 01:18:04,528 - Managed to process national data
INFO - 2021-12-17 01:18:04,530 - Scheduling a news run in:86396.0
INFO - 2021-12-17 01:18:04,532 - 127.0.0.1 - - [17/Dec/2021 01:18:04] "GET /index?update=01%3A18&two=news+data&news=news HTTP/1.1" 200 -
INFO - 2021-12-17 01:18:04,596 - 127.0.0.1 - - [17/Dec/2021 01:18:04] "[36mGET /static/images/titleimage.png HTTP/1.1[0m" 304 -
INFO - 2021-12-17 01:18:53,245 - Checking for cached data
INFO - 2021-12-17 01:18:53,246 - found cached data
INFO - 2021-12-17 01:18:53,246 - Managed to process local data
INFO - 2021-12-17 01:18:53,247 - Checking for cached data
INFO - 2021-12-17 01:18:53,248 - found cached data
INFO - 2021-12-17 01:18:53,248 - Managed to process national data
INFO - 2021-12-17 01:18:53,250 - Scheduling a news run in:7.0
INFO - 2021-12-17 01:18:53,251 - 127.0.0.1 - - [17/Dec/2021 01:18:53] "GET /index?update=01%3A19&two=news+data&news=news HTTP/1.1" 200 -
INFO - 2021-12-17 01:18:53,311 - 127.0.0.1 - - [17/Dec/2021 01:18:53] "[36mGET /static/images/titleimage.png HTTP/1.1[0m" 304 -
INFO - 2021-12-17 01:19:53,415 - Scheduled run
INFO - 2021-12-17 01:19:53,416 - Checking for cached data
INFO - 2021-12-17 01:19:53,417 - Requesting live data
DEBUG - 2021-12-17 01:19:53,422 - Starting new HTTPS connection (1): newsapi.org:443
DEBUG - 2021-12-17 01:19:54,058 - https://newsapi.org:443 "GET /v2/everything?q=Covid+COVID-19+coronavirus&sources=bbc-news%2Cthe-verge&domains=bbc.co.uk%2Ctechcrunch.com&language=en&sortBy=relevancy&page=2 HTTP/1.1" 200 None
INFO - 2021-12-17 01:19:54,064 - News articles have been found and added
INFO - 2021-12-17 01:19:54,068 - News articles have been found and added
INFO - 2021-12-17 01:19:54,069 - News articles have been found and added
INFO - 2021-12-17 01:19:54,070 - News articles have been found and added
INFO - 2021-12-17 01:19:54,071 - News articles have been found and added
INFO - 2021-12-17 01:19:54,072 - News articles have been found and added
INFO - 2021-12-17 01:19:54,073 - News articles have been found and added
INFO - 2021-12-17 01:19:54,074 - News articles have been found and added
INFO - 2021-12-17 01:19:54,075 - News articles have been found and added
INFO - 2021-12-17 01:19:54,077 - News articles have been found and added
INFO - 2021-12-17 01:19:54,078 - News articles have been found and added
INFO - 2021-12-17 01:19:54,080 - News articles have been found and added
INFO - 2021-12-17 01:19:54,081 - News articles have been found and added
INFO - 2021-12-17 01:19:54,081 - News articles have been found and added
INFO - 2021-12-17 01:19:54,083 - News articles have been found and added
INFO - 2021-12-17 01:19:54,084 - News articles have been found and added
INFO - 2021-12-17 01:19:54,084 - News articles have been found and added
INFO - 2021-12-17 01:19:54,085 - News articles have been found and added
INFO - 2021-12-17 01:19:54,086 - News articles have been found and added
INFO - 2021-12-17 01:19:54,087 - News articles have been found and added
INFO - 2021-12-17 01:19:54,087 - Scheduled news event has completed
INFO - 2021-12-17 01:19:54,089 - Checking for cached data
INFO - 2021-12-17 01:19:54,089 - found cached data
INFO - 2021-12-17 01:19:54,090 - Managed to process local data
INFO - 2021-12-17 01:19:54,092 - Checking for cached data
INFO - 2021-12-17 01:19:54,095 - found cached data
INFO - 2021-12-17 01:19:54,096 - Managed to process national data
INFO - 2021-12-17 01:19:54,098 - 127.0.0.1 - - [17/Dec/2021 01:19:54] "GET /index HTTP/1.1" 200 -
INFO - 2021-12-17 01:19:54,182 - 127.0.0.1 - - [17/Dec/2021 01:19:54] "[36mGET /static/images/titleimage.png HTTP/1.1[0m" 304 -
INFO - 2021-12-17 01:20:01,438 - Checking for cached data
INFO - 2021-12-17 01:20:01,441 - found cached data
INFO - 2021-12-17 01:20:01,442 - Managed to process local data
INFO - 2021-12-17 01:20:01,449 - Checking for cached data
INFO - 2021-12-17 01:20:01,454 - found cached data
INFO - 2021-12-17 01:20:01,456 - Managed to process national data
INFO - 2021-12-17 01:20:01,461 - 127.0.0.1 - - [17/Dec/2021 01:20:01] "GET /index?notif=Dutch+royals+regret+holding+party+amid+surge+in+Covid+cases HTTP/1.1" 200 -
INFO - 2021-12-17 01:20:01,591 - 127.0.0.1 - - [17/Dec/2021 01:20:01] "[36mGET /static/images/titleimage.png HTTP/1.1[0m" 304 -
INFO - 2021-12-17 01:20:02,926 - Checking for cached data
INFO - 2021-12-17 01:20:02,927 - found cached data
INFO - 2021-12-17 01:20:02,929 - Managed to process local data
INFO - 2021-12-17 01:20:02,935 - Checking for cached data
INFO - 2021-12-17 01:20:02,937 - found cached data
INFO - 2021-12-17 01:20:02,939 - Managed to process national data
INFO - 2021-12-17 01:20:02,942 - 127.0.0.1 - - [17/Dec/2021 01:20:02] "GET /index?notif=Germany+Covid%3A+Health+minister%27s+stark+warning+to+get+jabbed HTTP/1.1" 200 -
INFO - 2021-12-17 01:20:03,046 - 127.0.0.1 - - [17/Dec/2021 01:20:03] "[36mGET /static/images/titleimage.png HTTP/1.1[0m" 304 -
INFO - 2021-12-17 01:20:04,061 - Checking for cached data
INFO - 2021-12-17 01:20:04,063 - found cached data
INFO - 2021-12-17 01:20:04,066 - Managed to process local data
INFO - 2021-12-17 01:20:04,069 - Checking for cached data
INFO - 2021-12-17 01:20:04,073 - found cached data
INFO - 2021-12-17 01:20:04,075 - Managed to process national data
INFO - 2021-12-17 01:20:04,079 - 127.0.0.1 - - [17/Dec/2021 01:20:04] "GET /index?notif=Charles+Leclerc+tests+positive+for+coronavirus HTTP/1.1" 200 -
INFO - 2021-12-17 01:20:04,175 - 127.0.0.1 - - [17/Dec/2021 01:20:04] "[36mGET /static/images/titleimage.png HTTP/1.1[0m" 304 -
INFO - 2021-12-17 01:20:05,097 - Checking for cached data
INFO - 2021-12-17 01:20:05,098 - found cached data
INFO - 2021-12-17 01:20:05,101 - Managed to process local data
INFO - 2021-12-17 01:20:05,102 - Checking for cached data
INFO - 2021-12-17 01:20:05,104 - found cached data
INFO - 2021-12-17 01:20:05,104 - Managed to process national data
INFO - 2021-12-17 01:20:05,105 - 127.0.0.1 - - [17/Dec/2021 01:20:05] "GET /index?notif=Covid%3A+Don%27t+panic+about+Omicron+variant%2C+WHO+says HTTP/1.1" 200 -
INFO - 2021-12-17 01:20:05,168 - 127.0.0.1 - - [17/Dec/2021 01:20:05] "[36mGET /static/images/titleimage.png HTTP/1.1[0m" 304 -
INFO - 2021-12-17 01:20:06,032 - Checking for cached data
INFO - 2021-12-17 01:20:06,034 - found cached data
INFO - 2021-12-17 01:20:06,035 - Managed to process local data
INFO - 2021-12-17 01:20:06,037 - Checking for cached data
INFO - 2021-12-17 01:20:06,038 - found cached data
INFO - 2021-12-17 01:20:06,041 - Managed to process national data
INFO - 2021-12-17 01:20:06,046 - 127.0.0.1 - - [17/Dec/2021 01:20:06] "GET /index?notif=%27This+is+England%27s+biggest+win+since+2019+semi-final+dismantling+of+New+Zealand%27 HTTP/1.1" 200 -
INFO - 2021-12-17 01:20:06,145 - 127.0.0.1 - - [17/Dec/2021 01:20:06] "[36mGET /static/images/titleimage.png HTTP/1.1[0m" 304 -
INFO - 2021-12-17 01:20:07,011 - Checking for cached data
INFO - 2021-12-17 01:20:07,016 - found cached data
INFO - 2021-12-17 01:20:07,017 - Managed to process local data
INFO - 2021-12-17 01:20:07,019 - Checking for cached data
INFO - 2021-12-17 01:20:07,023 - found cached data
INFO - 2021-12-17 01:20:07,026 - Managed to process national data
INFO - 2021-12-17 01:20:07,028 - 127.0.0.1 - - [17/Dec/2021 01:20:07] "GET /index?notif=Manchester+United+report+more+positive+cases+in+Covid-19+outbreak HTTP/1.1" 200 -
INFO - 2021-12-17 01:20:07,110 - 127.0.0.1 - - [17/Dec/2021 01:20:07] "[36mGET /static/images/titleimage.png HTTP/1.1[0m" 304 -
INFO - 2021-12-17 01:20:07,921 - Checking for cached data
INFO - 2021-12-17 01:20:07,926 - found cached data
INFO - 2021-12-17 01:20:07,930 - Managed to process local data
INFO - 2021-12-17 01:20:07,933 - Checking for cached data
INFO - 2021-12-17 01:20:07,934 - found cached data
INFO - 2021-12-17 01:20:07,935 - Managed to process national data
INFO - 2021-12-17 01:20:07,937 - 127.0.0.1 - - [17/Dec/2021 01:20:07] "GET /index?notif=Markus+Anfang%3A+Werder+Bremen+coach+resigns+amid+forged+Covid-19+vaccine+certificate+claims HTTP/1.1" 200 -
INFO - 2021-12-17 01:20:08,055 - 127.0.0.1 - - [17/Dec/2021 01:20:08] "[36mGET /static/images/titleimage.png HTTP/1.1[0m" 304 -
INFO - 2021-12-17 01:20:10,643 - Checking for cached data
INFO - 2021-12-17 01:20:10,652 - found cached data
INFO - 2021-12-17 01:20:10,655 - Managed to process local data
INFO - 2021-12-17 01:20:10,657 - Checking for cached data
INFO - 2021-12-17 01:20:10,658 - found cached data
INFO - 2021-12-17 01:20:10,660 - Managed to process national data
INFO - 2021-12-17 01:20:10,663 - 127.0.0.1 - - [17/Dec/2021 01:20:10] "GET /index?update_item=news+data HTTP/1.1" 200 -
INFO - 2021-12-17 01:20:10,751 - 127.0.0.1 - - [17/Dec/2021 01:20:10] "[36mGET /static/images/titleimage.png HTTP/1.1[0m" 304 -
INFO - 2021-12-17 01:20:11,810 - Checking for cached data
INFO - 2021-12-17 01:20:11,812 - found cached data
INFO - 2021-12-17 01:20:11,814 - Managed to process local data
INFO - 2021-12-17 01:20:11,817 - Checking for cached data
INFO - 2021-12-17 01:20:11,818 - found cached data
INFO - 2021-12-17 01:20:11,820 - Managed to process national data
INFO - 2021-12-17 01:20:11,822 - 127.0.0.1 - - [17/Dec/2021 01:20:11] "GET /index?update_item=covid+data+%282%29 HTTP/1.1" 200 -
INFO - 2021-12-17 01:20:11,925 - 127.0.0.1 - - [17/Dec/2021 01:20:11] "[36mGET /static/images/titleimage.png HTTP/1.1[0m" 304 -
INFO - 2021-12-17 01:20:12,837 - Checking for cached data
INFO - 2021-12-17 01:20:12,842 - found cached data
INFO - 2021-12-17 01:20:12,843 - Managed to process local data
INFO - 2021-12-17 01:20:12,847 - Checking for cached data
INFO - 2021-12-17 01:20:12,848 - found cached data
INFO - 2021-12-17 01:20:12,850 - Managed to process national data
INFO - 2021-12-17 01:20:12,859 - 127.0.0.1 - - [17/Dec/2021 01:20:12] "GET /index?update_item=covid+data HTTP/1.1" 200 -
INFO - 2021-12-17 01:20:12,942 - 127.0.0.1 - - [17/Dec/2021 01:20:12] "[36mGET /static/images/titleimage.png HTTP/1.1[0m" 304 -
INFO - 2021-12-17 01:20:14,380 - Checking for cached data
INFO - 2021-12-17 01:20:14,382 - found cached data
INFO - 2021-12-17 01:20:14,383 - Managed to process local data
INFO - 2021-12-17 01:20:14,385 - Checking for cached data
INFO - 2021-12-17 01:20:14,386 - found cached data
INFO - 2021-12-17 01:20:14,387 - Managed to process national data
INFO - 2021-12-17 01:20:14,390 - 127.0.0.1 - - [17/Dec/2021 01:20:14] "GET /index?notif=Bayern+Munich+v+Barcelona+in+Champions+League+will+be+behind+closed+doors HTTP/1.1" 200 -
INFO - 2021-12-17 01:20:14,465 - 127.0.0.1 - - [17/Dec/2021 01:20:14] "[36mGET /static/images/titleimage.png HTTP/1.1[0m" 304 -
INFO - 2021-12-17 01:20:15,525 - Checking for cached data
INFO - 2021-12-17 01:20:15,526 - found cached data
INFO - 2021-12-17 01:20:15,529 - Managed to process local data
INFO - 2021-12-17 01:20:15,530 - Checking for cached data
INFO - 2021-12-17 01:20:15,532 - found cached data
INFO - 2021-12-17 01:20:15,534 - Managed to process national data
INFO - 2021-12-17 01:20:15,535 - 127.0.0.1 - - [17/Dec/2021 01:20:15] "GET /index?notif=Manchester+United+players+set+to+return+to+training+after+Covid-19+outbreak HTTP/1.1" 200 -
INFO - 2021-12-17 01:20:15,648 - 127.0.0.1 - - [17/Dec/2021 01:20:15] "[36mGET /static/images/titleimage.png HTTP/1.1[0m" 304 -
INFO - 2021-12-17 01:20:16,026 - Checking for cached data
INFO - 2021-12-17 01:20:16,028 - found cached data
INFO - 2021-12-17 01:20:16,031 - Managed to process local data
INFO - 2021-12-17 01:20:16,035 - Checking for cached data
INFO - 2021-12-17 01:20:16,036 - found cached data
INFO - 2021-12-17 01:20:16,038 - Managed to process national data
INFO - 2021-12-17 01:20:16,045 - 127.0.0.1 - - [17/Dec/2021 01:20:16] "GET /index?notif=Reading+v+Luton+Town%3A+Championship+game+off+because+of+Royals%27+Covid-19+cases HTTP/1.1" 200 -
INFO - 2021-12-17 01:20:16,132 - 127.0.0.1 - - [17/Dec/2021 01:20:16] "[36mGET /static/images/titleimage.png HTTP/1.1[0m" 304 -
INFO - 2021-12-17 01:20:16,600 - Checking for cached data
INFO - 2021-12-17 01:20:16,601 - found cached data
INFO - 2021-12-17 01:20:16,602 - Managed to process local data
INFO - 2021-12-17 01:20:16,609 - Checking for cached data
INFO - 2021-12-17 01:20:16,611 - found cached data
INFO - 2021-12-17 01:20:16,613 - Managed to process national data
INFO - 2021-12-17 01:20:16,615 - 127.0.0.1 - - [17/Dec/2021 01:20:16] "GET /index?notif=Mateo+Kovacic%3A+Chelsea+midfielder+testing+positive+for+Covid-19+is+%27huge+setback%27 HTTP/1.1" 200 -
INFO - 2021-12-17 01:20:16,744 - Checking for cached data
INFO - 2021-12-17 01:20:16,747 - found cached data
INFO - 2021-12-17 01:20:16,748 - Managed to process local data
INFO - 2021-12-17 01:20:16,753 - Checking for cached data
INFO - 2021-12-17 01:20:16,755 - found cached data
INFO - 2021-12-17 01:20:16,758 - Managed to process national data
INFO - 2021-12-17 01:20:16,761 - 127.0.0.1 - - [17/Dec/2021 01:20:16] "GET /index?notif=Melbourne%27s+Ashes+Test+and+Australian+Open+will+welcome+capacity+crowds HTTP/1.1" 200 -
INFO - 2021-12-17 01:20:16,881 - 127.0.0.1 - - [17/Dec/2021 01:20:16] "[36mGET /static/images/titleimage.png HTTP/1.1[0m" 304 -
INFO - 2021-12-17 01:20:17,138 - Checking for cached data
INFO - 2021-12-17 01:20:17,146 - found cached data
INFO - 2021-12-17 01:20:17,151 - Managed to process local data
INFO - 2021-12-17 01:20:17,153 - Checking for cached data
INFO - 2021-12-17 01:20:17,154 - found cached data
INFO - 2021-12-17 01:20:17,156 - Managed to process national data
INFO - 2021-12-17 01:20:17,159 - 127.0.0.1 - - [17/Dec/2021 01:20:17] "GET /index?notif=Manchester+United+v+Young+Boys+tie+could+be+moved+because+of+Covid-19+restrictions HTTP/1.1" 200 -
INFO - 2021-12-17 01:20:17,260 - 127.0.0.1 - - [17/Dec/2021 01:20:17] "[36mGET /static/images/titleimage.png HTTP/1.1[0m" 304 -
INFO - 2021-12-17 01:20:17,550 - Checking for cached data
INFO - 2021-12-17 01:20:17,570 - found cached data
INFO - 2021-12-17 01:20:17,584 - Managed to process local data
INFO - 2021-12-17 01:20:17,590 - Checking for cached data
INFO - 2021-12-17 01:20:17,590 - found cached data
INFO - 2021-12-17 01:20:17,593 - Managed to process national data
INFO - 2021-12-17 01:20:17,594 - 127.0.0.1 - - [17/Dec/2021 01:20:17] "GET /index?notif=Premier+League+clubs+told+to+return+to+emergency+Covid-19+measures HTTP/1.1" 200 -
INFO - 2021-12-17 01:20:17,697 - 127.0.0.1 - - [17/Dec/2021 01:20:17] "[36mGET /static/images/titleimage.png HTTP/1.1[0m" 304 -
INFO - 2021-12-17 01:20:18,329 - Checking for cached data
INFO - 2021-12-17 01:20:18,330 - found cached data
INFO - 2021-12-17 01:20:18,332 - Managed to process local data
INFO - 2021-12-17 01:20:18,335 - Checking for cached data
INFO - 2021-12-17 01:20:18,344 - found cached data
INFO - 2021-12-17 01:20:18,348 - Managed to process national data
INFO - 2021-12-17 01:20:18,351 - 127.0.0.1 - - [17/Dec/2021 01:20:18] "GET /index?notif=COVID-19%3A+AstraZeneca+CEO+on+long-term+protection+from+jab HTTP/1.1" 200 -
INFO - 2021-12-17 01:20:18,439 - Checking for cached data
INFO - 2021-12-17 01:20:18,442 - found cached data
INFO - 2021-12-17 01:20:18,443 - Managed to process local data
INFO - 2021-12-17 01:20:18,445 - Checking for cached data
INFO - 2021-12-17 01:20:18,450 - found cached data
INFO - 2021-12-17 01:20:18,452 - Managed to process national data
INFO - 2021-12-17 01:20:18,454 - 127.0.0.1 - - [17/Dec/2021 01:20:18] "GET /index?notif=COVID-19%3A+AstraZeneca+CEO+on+long-term+protection+from+jab HTTP/1.1" 200 -
INFO - 2021-12-17 01:20:18,526 - 127.0.0.1 - - [17/Dec/2021 01:20:18] "[36mGET /static/images/titleimage.png HTTP/1.1[0m" 304 -
INFO - 2021-12-17 01:20:18,990 - Checking for cached data
INFO - 2021-12-17 01:20:18,991 - found cached data
INFO - 2021-12-17 01:20:18,994 - Managed to process local data
INFO - 2021-12-17 01:20:18,995 - Checking for cached data
INFO - 2021-12-17 01:20:18,996 - found cached data
INFO - 2021-12-17 01:20:18,997 - Managed to process national data
INFO - 2021-12-17 01:20:19,002 - 127.0.0.1 - - [17/Dec/2021 01:20:19] "GET /index?notif=Dean+Smith%3A+Norwich+boss+says+club+face+anxious+wait+for+Covid+test+results+before+Man+Utd+game HTTP/1.1" 200 -
INFO - 2021-12-17 01:20:19,107 - 127.0.0.1 - - [17/Dec/2021 01:20:19] "[36mGET /static/images/titleimage.png HTTP/1.1[0m" 304 -
INFO - 2021-12-17 01:20:19,394 - Checking for cached data
INFO - 2021-12-17 01:20:19,410 - found cached data
INFO - 2021-12-17 01:20:19,419 - Managed to process local data
INFO - 2021-12-17 01:20:19,423 - Checking for cached data
INFO - 2021-12-17 01:20:19,424 - found cached data
INFO - 2021-12-17 01:20:19,426 - Managed to process national data
INFO - 2021-12-17 01:20:19,428 - 127.0.0.1 - - [17/Dec/2021 01:20:19] "GET /index?notif=Covid-19%3A+Germany+facing+fourth+wave+and+NI+votes+for+mandatory+Covid+passports HTTP/1.1" 200 -
INFO - 2021-12-17 01:20:19,523 - 127.0.0.1 - - [17/Dec/2021 01:20:19] "[36mGET /static/images/titleimage.png HTTP/1.1[0m" 304 -
INFO - 2021-12-17 01:20:19,782 - Checking for cached data
INFO - 2021-12-17 01:20:19,784 - found cached data
INFO - 2021-12-17 01:20:19,794 - Managed to process local data
INFO - 2021-12-17 01:20:19,795 - Checking for cached data
INFO - 2021-12-17 01:20:19,795 - found cached data
INFO - 2021-12-17 01:20:19,796 - Managed to process national data
INFO - 2021-12-17 01:20:19,797 - 127.0.0.1 - - [17/Dec/2021 01:20:19] "GET /index?notif=Covid-19%3A+Infections+remain+high+in+NI+but+fewer+inpatients HTTP/1.1" 200 -
INFO - 2021-12-17 01:20:19,864 - 127.0.0.1 - - [17/Dec/2021 01:20:19] "[36mGET /static/images/titleimage.png HTTP/1.1[0m" 304 -
INFO - 2021-12-17 01:20:20,173 - Checking for cached data
INFO - 2021-12-17 01:20:20,178 - found cached data
INFO - 2021-12-17 01:20:20,191 - Managed to process local data
INFO - 2021-12-17 01:20:20,195 - Checking for cached data
INFO - 2021-12-17 01:20:20,198 - found cached data
INFO - 2021-12-17 01:20:20,199 - Managed to process national data
INFO - 2021-12-17 01:20:20,201 - 127.0.0.1 - - [17/Dec/2021 01:20:20] "GET /index?notif=Covid-19+passport+enforcement+begins+in+Northern+Ireland HTTP/1.1" 200 -
INFO - 2021-12-17 01:20:20,255 - 127.0.0.1 - - [17/Dec/2021 01:20:20] "[36mGET /static/images/titleimage.png HTTP/1.1[0m" 304 -
INFO - 2021-12-17 01:20:20,585 - Checking for cached data
INFO - 2021-12-17 01:20:20,587 - found cached data
INFO - 2021-12-17 01:20:20,591 - Managed to process local data
INFO - 2021-12-17 01:20:20,596 - Checking for cached data
INFO - 2021-12-17 01:20:20,597 - found cached data
INFO - 2021-12-17 01:20:20,599 - Managed to process national data
INFO - 2021-12-17 01:20:20,601 - 127.0.0.1 - - [17/Dec/2021 01:20:20] "GET /index?notif=Covid-19%3A+Five+more+Omicron+cases+identified+in+Northern+Ireland HTTP/1.1" 200 -
INFO - 2021-12-17 01:20:20,660 - 127.0.0.1 - - [17/Dec/2021 01:20:20] "[36mGET /static/images/titleimage.png HTTP/1.1[0m" 304 -
INFO - 2021-12-17 01:20:49,386 - Checking for cached data
INFO - 2021-12-17 01:20:49,391 - found cached data
INFO - 2021-12-17 01:20:49,394 - Managed to process local data
INFO - 2021-12-17 01:20:49,397 - Checking for cached data
INFO - 2021-12-17 01:20:49,398 - found cached data
INFO - 2021-12-17 01:20:49,399 - Managed to process national data
INFO - 2021-12-17 01:20:49,401 - Scheduling a covid_update run in:71.0
INFO - 2021-12-17 01:20:49,402 - Scheduling a news run in:71.0
INFO - 2021-12-17 01:20:49,404 - 127.0.0.1 - - [17/Dec/2021 01:20:49] "GET /index?update=01%3A22&two=general+update&repeat=repeat&covid-data=covid-data&news=news HTTP/1.1" 200 -
INFO - 2021-12-17 01:20:49,493 - 127.0.0.1 - - [17/Dec/2021 01:20:49] "[36mGET /static/images/titleimage.png HTTP/1.1[0m" 304 -
INFO - 2021-12-17 01:21:49,556 - Checking for cached data
INFO - 2021-12-17 01:21:49,557 - found cached data
INFO - 2021-12-17 01:21:49,557 - Managed to process local data
INFO - 2021-12-17 01:21:49,558 - Checking for cached data
INFO - 2021-12-17 01:21:49,558 - found cached data
INFO - 2021-12-17 01:21:49,560 - Managed to process national data
INFO - 2021-12-17 01:21:49,561 - 127.0.0.1 - - [17/Dec/2021 01:21:49] "GET /index HTTP/1.1" 200 -
INFO - 2021-12-17 01:21:49,620 - 127.0.0.1 - - [17/Dec/2021 01:21:49] "[36mGET /static/images/titleimage.png HTTP/1.1[0m" 304 -
INFO - 2021-12-17 01:22:49,659 - Scheduled run
INFO - 2021-12-17 01:22:49,662 - Checking for cached data
INFO - 2021-12-17 01:22:49,663 - Requesting live data
DEBUG - 2021-12-17 01:22:49,670 - Starting new HTTPS connection (1): api.coronavirus.data.gov.uk:443
DEBUG - 2021-12-17 01:22:49,813 - https://api.coronavirus.data.gov.uk:443 "GET /v1/data?filters=areaName%3DExeter%3BareaType%3Dltla&structure=%7B%22date%22%3A%22date%22%2C%22areaName%22%3A%22areaName%22%2C%22areaCode%22%3A%22areaCode%22%2C%22hospitalCases%22%3A%22hospitalCases%22%2C%22cumDailyNsoDeathsByDeathDate%22%3A%22cumDailyNsoDeathsByDeathDate%22%2C%22newCasesByPublishDate%22%3A%22newCasesByPublishDate%22%2C%22cumCasesByPublishDate%22%3A%22cumCasesByPublishDate%22%2C%22newDeaths28DaysByDeathDate%22%3A%22newDeaths28DaysByDeathDate%22%2C%22cumDeaths28DaysByDeathDate%22%3A%22cumDeaths28DaysByDeathDate%22%7D&format=json&page=1 HTTP/1.1" 200 None
DEBUG - 2021-12-17 01:22:49,831 - Starting new HTTPS connection (1): api.coronavirus.data.gov.uk:443
DEBUG - 2021-12-17 01:22:50,104 - https://api.coronavirus.data.gov.uk:443 "GET /v1/data?filters=areaName%3DExeter%3BareaType%3Dltla&structure=%7B%22date%22%3A%22date%22%2C%22areaName%22%3A%22areaName%22%2C%22areaCode%22%3A%22areaCode%22%2C%22hospitalCases%22%3A%22hospitalCases%22%2C%22cumDailyNsoDeathsByDeathDate%22%3A%22cumDailyNsoDeathsByDeathDate%22%2C%22newCasesByPublishDate%22%3A%22newCasesByPublishDate%22%2C%22cumCasesByPublishDate%22%3A%22cumCasesByPublishDate%22%2C%22newDeaths28DaysByDeathDate%22%3A%22newDeaths28DaysByDeathDate%22%2C%22cumDeaths28DaysByDeathDate%22%3A%22cumDeaths28DaysByDeathDate%22%7D&format=json&page=2 HTTP/1.1" 204 0
INFO - 2021-12-17 01:22:50,120 - Managed to process local data
INFO - 2021-12-17 01:22:50,121 - Checking for cached data
INFO - 2021-12-17 01:22:50,124 - Requesting live data
DEBUG - 2021-12-17 01:22:50,131 - Starting new HTTPS connection (1): api.coronavirus.data.gov.uk:443
DEBUG - 2021-12-17 01:22:50,255 - https://api.coronavirus.data.gov.uk:443 "GET /v1/data?filters=areaName%3DEngland%3BareaType%3Dnation&structure=%7B%22date%22%3A%22date%22%2C%22areaName%22%3A%22areaName%22%2C%22areaCode%22%3A%22areaCode%22%2C%22hospitalCases%22%3A%22hospitalCases%22%2C%22cumDailyNsoDeathsByDeathDate%22%3A%22cumDailyNsoDeathsByDeathDate%22%2C%22newCasesByPublishDate%22%3A%22newCasesByPublishDate%22%2C%22cumCasesByPublishDate%22%3A%22cumCasesByPublishDate%22%2C%22newDeaths28DaysByDeathDate%22%3A%22newDeaths28DaysByDeathDate%22%2C%22cumDeaths28DaysByDeathDate%22%3A%22cumDeaths28DaysByDeathDate%22%7D&format=json&page=1 HTTP/1.1" 200 None
DEBUG - 2021-12-17 01:22:50,271 - Starting new HTTPS connection (1): api.coronavirus.data.gov.uk:443
DEBUG - 2021-12-17 01:22:50,513 - https://api.coronavirus.data.gov.uk:443 "GET /v1/data?filters=areaName%3DEngland%3BareaType%3Dnation&structure=%7B%22date%22%3A%22date%22%2C%22areaName%22%3A%22areaName%22%2C%22areaCode%22%3A%22areaCode%22%2C%22hospitalCases%22%3A%22hospitalCases%22%2C%22cumDailyNsoDeathsByDeathDate%22%3A%22cumDailyNsoDeathsByDeathDate%22%2C%22newCasesByPublishDate%22%3A%22newCasesByPublishDate%22%2C%22cumCasesByPublishDate%22%3A%22cumCasesByPublishDate%22%2C%22newDeaths28DaysByDeathDate%22%3A%22newDeaths28DaysByDeathDate%22%2C%22cumDeaths28DaysByDeathDate%22%3A%22cumDeaths28DaysByDeathDate%22%7D&format=json&page=2 HTTP/1.1" 204 0
INFO - 2021-12-17 01:22:50,531 - Managed to process national data
INFO - 2021-12-17 01:22:50,532 - Scheduling a covid_update run in:86350.0
INFO - 2021-12-17 01:22:50,534 - Scheduled run
INFO - 2021-12-17 01:22:50,536 - Checking for cached data
INFO - 2021-12-17 01:22:50,537 - Requesting live data
DEBUG - 2021-12-17 01:22:50,542 - Starting new HTTPS connection (1): newsapi.org:443
DEBUG - 2021-12-17 01:22:51,244 - https://newsapi.org:443 "GET /v2/everything?q=Covid+COVID-19+coronavirus&sources=bbc-news%2Cthe-verge&domains=bbc.co.uk%2Ctechcrunch.com&language=en&sortBy=relevancy&page=2 HTTP/1.1" 200 None
INFO - 2021-12-17 01:22:51,250 - News articles have been found and added
INFO - 2021-12-17 01:22:51,252 - News articles have been found and added
INFO - 2021-12-17 01:22:51,254 - News articles have been found and added
INFO - 2021-12-17 01:22:51,255 - News articles have been found and added
INFO - 2021-12-17 01:22:51,257 - News articles have been found and added
INFO - 2021-12-17 01:22:51,258 - News articles have been found and added
INFO - 2021-12-17 01:22:51,259 - News articles have been found and added
INFO - 2021-12-17 01:22:51,261 - News articles have been found and added
INFO - 2021-12-17 01:22:51,263 - News articles have been found and added
INFO - 2021-12-17 01:22:51,264 - News articles have been found and added
INFO - 2021-12-17 01:22:51,265 - News articles have been found and added
INFO - 2021-12-17 01:22:51,266 - News articles have been found and added
INFO - 2021-12-17 01:22:51,266 - News articles have been found and added
INFO - 2021-12-17 01:22:51,267 - News articles have been found and added
INFO - 2021-12-17 01:22:51,268 - News articles have been found and added
INFO - 2021-12-17 01:22:51,268 - News articles have been found and added
INFO - 2021-12-17 01:22:51,269 - News articles have been found and added
INFO - 2021-12-17 01:22:51,270 - News articles have been found and added
INFO - 2021-12-17 01:22:51,270 - News articles have been found and added
INFO - 2021-12-17 01:22:51,271 - News articles have been found and added
INFO - 2021-12-17 01:22:51,271 - Scheduled news event has completed
INFO - 2021-12-17 01:22:51,272 - Scheduling a news run in:86349.0
INFO - 2021-12-17 01:22:51,273 - Checking for cached data
INFO - 2021-12-17 01:22:51,273 - found cached data
INFO - 2021-12-17 01:22:51,274 - Managed to process local data
INFO - 2021-12-17 01:22:51,274 - Checking for cached data
INFO - 2021-12-17 01:22:51,275 - found cached data
INFO - 2021-12-17 01:22:51,276 - Managed to process national data
INFO - 2021-12-17 01:22:51,277 - 127.0.0.1 - - [17/Dec/2021 01:22:51] "GET /index HTTP/1.1" 200 -
INFO - 2021-12-17 01:22:51,309 - 127.0.0.1 - - [17/Dec/2021 01:22:51] "[36mGET /static/images/titleimage.png HTTP/1.1[0m" 304 -
INFO - 2021-12-17 01:22:51,507 - 127.0.0.1 - - [17/Dec/2021 01:22:51] "[36mGET /static/images/favicon.png HTTP/1.1[0m" 304 -
INFO - 2021-12-17 01:23:51,365 - Checking for cached data
INFO - 2021-12-17 01:23:51,367 - found cached data
INFO - 2021-12-17 01:23:51,369 - Managed to process local data
INFO - 2021-12-17 01:23:51,371 - Checking for cached data
INFO - 2021-12-17 01:23:51,373 - found cached data
INFO - 2021-12-17 01:23:51,376 - Managed to process national data
INFO - 2021-12-17 01:23:51,379 - 127.0.0.1 - - [17/Dec/2021 01:23:51] "GET /index HTTP/1.1" 200 -
INFO - 2021-12-17 01:23:51,429 - 127.0.0.1 - - [17/Dec/2021 01:23:51] "[36mGET /static/images/titleimage.png HTTP/1.1[0m" 304 -
INFO - 2021-12-17 01:23:51,649 - 127.0.0.1 - - [17/Dec/2021 01:23:51] "[36mGET /static/images/favicon.png HTTP/1.1[0m" 304 -
INFO - 2021-12-17 01:24:12,912 - Trying to load test file:{'test_data_file': 'app/static/data/nation_2021-10-28.csv', 'location_local': 'Exeter', 'locationType_local': 'ltla', 'location_national': 'England', 'locationType_national': 'nation', 'custom_covid_terms': 'Covid COVID-19 coronavirus', 'news_api_key': 'fa911b96da8e420896662203b484274c'}
INFO - 2021-12-17 01:24:12,915 - Starting up scheduler
INFO - 2021-12-17 01:24:12,916 - Starting up testing module
INFO - 2021-12-17 01:24:12,923 -  * Running on http://127.0.0.1:5000/ (Press CTRL+C to quit)
INFO - 2021-12-17 01:24:17,471 - Checking for cached data
INFO - 2021-12-17 01:24:17,474 - Requesting live data
DEBUG - 2021-12-17 01:24:17,486 - Starting new HTTPS connection (1): api.coronavirus.data.gov.uk:443
DEBUG - 2021-12-17 01:24:17,646 - https://api.coronavirus.data.gov.uk:443 "GET /v1/data?filters=areaName%3DExeter%3BareaType%3Dltla&structure=%7B%22date%22%3A%22date%22%2C%22areaName%22%3A%22areaName%22%2C%22areaCode%22%3A%22areaCode%22%2C%22hospitalCases%22%3A%22hospitalCases%22%2C%22cumDailyNsoDeathsByDeathDate%22%3A%22cumDailyNsoDeathsByDeathDate%22%2C%22newCasesByPublishDate%22%3A%22newCasesByPublishDate%22%2C%22cumCasesByPublishDate%22%3A%22cumCasesByPublishDate%22%2C%22newDeaths28DaysByDeathDate%22%3A%22newDeaths28DaysByDeathDate%22%2C%22cumDeaths28DaysByDeathDate%22%3A%22cumDeaths28DaysByDeathDate%22%7D&format=json&page=1 HTTP/1.1" 200 None
DEBUG - 2021-12-17 01:24:17,662 - Starting new HTTPS connection (1): api.coronavirus.data.gov.uk:443
DEBUG - 2021-12-17 01:24:17,759 - https://api.coronavirus.data.gov.uk:443 "GET /v1/data?filters=areaName%3DExeter%3BareaType%3Dltla&structure=%7B%22date%22%3A%22date%22%2C%22areaName%22%3A%22areaName%22%2C%22areaCode%22%3A%22areaCode%22%2C%22hospitalCases%22%3A%22hospitalCases%22%2C%22cumDailyNsoDeathsByDeathDate%22%3A%22cumDailyNsoDeathsByDeathDate%22%2C%22newCasesByPublishDate%22%3A%22newCasesByPublishDate%22%2C%22cumCasesByPublishDate%22%3A%22cumCasesByPublishDate%22%2C%22newDeaths28DaysByDeathDate%22%3A%22newDeaths28DaysByDeathDate%22%2C%22cumDeaths28DaysByDeathDate%22%3A%22cumDeaths28DaysByDeathDate%22%7D&format=json&page=2 HTTP/1.1" 204 0
INFO - 2021-12-17 01:24:17,779 - Managed to process local data
INFO - 2021-12-17 01:24:17,781 - Checking for cached data
INFO - 2021-12-17 01:24:17,783 - Requesting live data
DEBUG - 2021-12-17 01:24:17,788 - Starting new HTTPS connection (1): api.coronavirus.data.gov.uk:443
DEBUG - 2021-12-17 01:24:17,885 - https://api.coronavirus.data.gov.uk:443 "GET /v1/data?filters=areaName%3DEngland%3BareaType%3Dnation&structure=%7B%22date%22%3A%22date%22%2C%22areaName%22%3A%22areaName%22%2C%22areaCode%22%3A%22areaCode%22%2C%22hospitalCases%22%3A%22hospitalCases%22%2C%22cumDailyNsoDeathsByDeathDate%22%3A%22cumDailyNsoDeathsByDeathDate%22%2C%22newCasesByPublishDate%22%3A%22newCasesByPublishDate%22%2C%22cumCasesByPublishDate%22%3A%22cumCasesByPublishDate%22%2C%22newDeaths28DaysByDeathDate%22%3A%22newDeaths28DaysByDeathDate%22%2C%22cumDeaths28DaysByDeathDate%22%3A%22cumDeaths28DaysByDeathDate%22%7D&format=json&page=1 HTTP/1.1" 200 None
DEBUG - 2021-12-17 01:24:17,901 - Starting new HTTPS connection (1): api.coronavirus.data.gov.uk:443
DEBUG - 2021-12-17 01:24:17,985 - https://api.coronavirus.data.gov.uk:443 "GET /v1/data?filters=areaName%3DEngland%3BareaType%3Dnation&structure=%7B%22date%22%3A%22date%22%2C%22areaName%22%3A%22areaName%22%2C%22areaCode%22%3A%22areaCode%22%2C%22hospitalCases%22%3A%22hospitalCases%22%2C%22cumDailyNsoDeathsByDeathDate%22%3A%22cumDailyNsoDeathsByDeathDate%22%2C%22newCasesByPublishDate%22%3A%22newCasesByPublishDate%22%2C%22cumCasesByPublishDate%22%3A%22cumCasesByPublishDate%22%2C%22newDeaths28DaysByDeathDate%22%3A%22newDeaths28DaysByDeathDate%22%2C%22cumDeaths28DaysByDeathDate%22%3A%22cumDeaths28DaysByDeathDate%22%7D&format=json&page=2 HTTP/1.1" 204 0
INFO - 2021-12-17 01:24:18,001 - Managed to process national data
INFO - 2021-12-17 01:24:18,017 - 127.0.0.1 - - [17/Dec/2021 01:24:18] "GET /index HTTP/1.1" 200 -
INFO - 2021-12-17 01:24:18,262 - 127.0.0.1 - - [17/Dec/2021 01:24:18] "[36mGET /static/images/titleimage.png HTTP/1.1[0m" 304 -
INFO - 2021-12-17 01:24:18,285 - 127.0.0.1 - - [17/Dec/2021 01:24:18] "[36mGET /static/images/favicon.png HTTP/1.1[0m" 304 -
INFO - 2021-12-17 01:24:32,116 - Checking for cached data
INFO - 2021-12-17 01:24:32,123 - found cached data
INFO - 2021-12-17 01:24:32,129 - Managed to process local data
INFO - 2021-12-17 01:24:32,131 - Checking for cached data
INFO - 2021-12-17 01:24:32,132 - found cached data
INFO - 2021-12-17 01:24:32,134 - Managed to process national data
INFO - 2021-12-17 01:24:32,136 - Scheduling a covid_update run in:28.0
INFO - 2021-12-17 01:24:32,138 - 127.0.0.1 - - [17/Dec/2021 01:24:32] "GET /index?update=01%3A25&two=data&repeat=repeat&covid-data=covid-data HTTP/1.1" 200 -
INFO - 2021-12-17 01:24:32,205 - 127.0.0.1 - - [17/Dec/2021 01:24:32] "[36mGET /static/images/titleimage.png HTTP/1.1[0m" 304 -
INFO - 2021-12-17 01:24:48,416 - Checking for cached data
INFO - 2021-12-17 01:24:48,418 - found cached data
INFO - 2021-12-17 01:24:48,422 - Managed to process local data
INFO - 2021-12-17 01:24:48,433 - Checking for cached data
INFO - 2021-12-17 01:24:48,437 - found cached data
INFO - 2021-12-17 01:24:48,440 - Managed to process national data
INFO - 2021-12-17 01:24:48,441 - Scheduling a covid_update run in:252.0
INFO - 2021-12-17 01:24:48,441 - Scheduling a news run in:252.0
INFO - 2021-12-17 01:24:48,442 - 127.0.0.1 - - [17/Dec/2021 01:24:48] "GET /index?update=01%3A29&two=data&repeat=repeat&covid-data=covid-data&news=news HTTP/1.1" 200 -
INFO - 2021-12-17 01:24:48,511 - 127.0.0.1 - - [17/Dec/2021 01:24:48] "[36mGET /static/images/titleimage.png HTTP/1.1[0m" 304 -
